<?xml version="1.0" encoding="UTF-8"?>
<robot generator="Robot 6.0.2 (Python 3.11.2 on win32)" generated="20230325 13:33:54.020" rpa="false" schemaversion="3">
<suite id="s1" name="Robot with Python" source="C:\D Drive\Projects\Robot with Python">
<suite id="s1-s1" name="Test" source="C:\D Drive\Projects\Robot with Python\test.robot">
<test id="s1-s1-t1" name="Compare Json" line="7">
<kw name="Create Session" library="RequestsLibrary">
<arg>mysession</arg>
<arg>https://www.metaweather.com</arg>
<arg>{}</arg>
<arg>{}</arg>
<arg>${None}</arg>
<arg>${None}</arg>
<arg>${None}</arg>
<arg>${False}</arg>
<arg>0</arg>
<arg>3</arg>
<arg>0.1</arg>
<arg>0</arg>
<arg>[]</arg>
<arg>[]</arg>
<doc>Create Session: create a HTTP session to a server</doc>
<msg timestamp="20230325 13:33:54.205" level="INFO">Creating Session using : alias=mysession, url=https://www.metaweather.com, headers={},                     cookies={}, auth=None, timeout=None, proxies=None, verify=False,                     debug=0 </msg>
<status status="PASS" starttime="20230325 13:33:54.203" endtime="20230325 13:33:54.206"/>
</kw>
<kw name="GET On Session" library="RequestsLibrary">
<var>${response}</var>
<arg>mysession</arg>
<arg>/api/location/search/</arg>
<arg>params=query=london</arg>
<doc>Sends a GET request on a previously created HTTP Session.</doc>
<msg timestamp="20230325 13:33:54.429" level="INFO">GET Request : url=https://www.metaweather.com/api/location/search/?query=london 
 path_url=/api/location/search/?query=london 
 headers={'User-Agent': 'python-requests/2.28.2', 'Accept-Encoding': 'gzip, deflate', 'Accept': '*/*', 'Connection': 'keep-alive'} 
 body=None 
 </msg>
<msg timestamp="20230325 13:33:54.430" level="INFO">GET Response : url=https://www.metaweather.com/api/location/search/?query=london 
 status=404, reason=Not Found 
 headers={'Content-Length': '272', 'Content-Type': 'text/html; charset=UTF-8', 'Date': 'Sat, 25 Mar 2023 08:03:53 GMT'} 
 body=
&lt;html&gt;&lt;head&gt;
&lt;meta http-equiv="content-type" content="text/html;charset=utf-8"&gt;
&lt;title&gt;404 Page not found&lt;/title&gt;
&lt;/head&gt;
&lt;body text=#000000 bgcolor=#ffffff&gt;
&lt;h1&gt;Error: Page not found&lt;/h1&gt;
&lt;h2&gt;The requested URL was not found on this server.&lt;/h2&gt;
&lt;h2&gt;&lt;/h2&gt;
&lt;/body&gt;&lt;/html&gt;
 
 </msg>
<msg timestamp="20230325 13:33:54.432" level="INFO">C:\Users\shrey\AppData\Local\Programs\Python\Python311\Lib\site-packages\urllib3\connectionpool.py:1045: InsecureRequestWarning: Unverified HTTPS request is being made to host 'www.metaweather.com'. Adding certificate verification is strongly advised. See: https://urllib3.readthedocs.io/en/1.26.x/advanced-usage.html#ssl-warnings
  warnings.warn(</msg>
<msg timestamp="20230325 13:33:54.435" level="FAIL">HTTPError: 404 Client Error: Not Found for url: https://www.metaweather.com/api/location/search/?query=london</msg>
<status status="FAIL" starttime="20230325 13:33:54.208" endtime="20230325 13:33:54.453"/>
</kw>
<kw name="Log" library="BuiltIn">
<arg>Status Should Be</arg>
<arg>200</arg>
<arg>${response}</arg>
<doc>Logs the given message with the given level.</doc>
<status status="NOT RUN" starttime="20230325 13:33:54.454" endtime="20230325 13:33:54.455"/>
</kw>
<kw name="Get File" library="OperatingSystem">
<var>${json1}</var>
<arg>C:/D Drive/Projects/Robot with Python/test.json</arg>
<doc>Returns the contents of a specified file.</doc>
<status status="NOT RUN" starttime="20230325 13:33:54.456" endtime="20230325 13:33:54.456"/>
</kw>
<kw name="Get File" library="OperatingSystem">
<var>${json2}</var>
<arg>C:/D Drive/Projects/Robot with Python/test2.json</arg>
<doc>Returns the contents of a specified file.</doc>
<status status="NOT RUN" starttime="20230325 13:33:54.457" endtime="20230325 13:33:54.458"/>
</kw>
<kw name="Evaluate" library="BuiltIn">
<var>${json1_dict}</var>
<arg>json.loads('''${json1}''')</arg>
<arg>json</arg>
<doc>Evaluates the given expression in Python and returns the result.</doc>
<status status="NOT RUN" starttime="20230325 13:33:54.459" endtime="20230325 13:33:54.459"/>
</kw>
<kw name="Evaluate" library="BuiltIn">
<var>${json2_dict}</var>
<arg>json.loads('''${json2}''')</arg>
<arg>json</arg>
<doc>Evaluates the given expression in Python and returns the result.</doc>
<status status="NOT RUN" starttime="20230325 13:33:54.460" endtime="20230325 13:33:54.460"/>
</kw>
<for flavor="IN">
<var>${key}</var>
<value>@{json1_dict.keys()}</value>
<iter>
<var name="${key}"/>
<kw name="Get From Dictionary" library="Collections">
<var>${value1}</var>
<arg>${json1_dict}</arg>
<arg>${key}</arg>
<doc>Returns a value from the given ``dictionary`` based on the given ``key``.</doc>
<status status="NOT RUN" starttime="20230325 13:33:54.461" endtime="20230325 13:33:54.461"/>
</kw>
<kw name="Log" library="BuiltIn">
<arg>Key: ${key}</arg>
<doc>Logs the given message with the given level.</doc>
<status status="NOT RUN" starttime="20230325 13:33:54.461" endtime="20230325 13:33:54.462"/>
</kw>
<kw name="Get From Dictionary" library="Collections">
<var>${value2}</var>
<arg>${json2_dict}</arg>
<arg>${key}</arg>
<doc>Returns a value from the given ``dictionary`` based on the given ``key``.</doc>
<status status="NOT RUN" starttime="20230325 13:33:54.462" endtime="20230325 13:33:54.462"/>
</kw>
<kw name="Run Keyword If" library="BuiltIn">
<arg>'${value1}' != '${value2}'</arg>
<arg>Log</arg>
<arg>Key '${key}' has different values</arg>
<doc>Runs the given keyword with the given arguments, if ``condition`` is true.</doc>
<status status="NOT RUN" starttime="20230325 13:33:54.462" endtime="20230325 13:33:54.463"/>
</kw>
<status status="NOT RUN" starttime="20230325 13:33:54.461" endtime="20230325 13:33:54.463"/>
</iter>
<status status="NOT RUN" starttime="20230325 13:33:54.461" endtime="20230325 13:33:54.463"/>
</for>
<status status="FAIL" starttime="20230325 13:33:54.201" endtime="20230325 13:33:54.463">HTTPError: 404 Client Error: Not Found for url: https://www.metaweather.com/api/location/search/?query=london</status>
</test>
<status status="FAIL" starttime="20230325 13:33:54.052" endtime="20230325 13:33:54.466"/>
</suite>
<status status="FAIL" starttime="20230325 13:33:54.027" endtime="20230325 13:33:54.469"/>
</suite>
<statistics>
<total>
<stat pass="0" fail="1" skip="0">All Tests</stat>
</total>
<tag>
</tag>
<suite>
<stat pass="0" fail="1" skip="0" id="s1" name="Robot with Python">Robot with Python</stat>
<stat pass="0" fail="1" skip="0" id="s1-s1" name="Test">Robot with Python.Test</stat>
</suite>
</statistics>
<errors>
</errors>
</robot>
